<?xml version="1.0" encoding="UTF-8"?>
<!-- Generated by org.testng.reporters.JUnitReportReporter -->
<testsuite hostname="DESKTOP-601D2VQ" failures="0" tests="4" name="jupiter.Testing" time="10.589" errors="0" timestamp="2024-03-02T19:15:44 EET" skipped="3">
  <testcase classname="jupiter.Testing" name="AddAllItem" time="10.589"/>
  <system-out/>
  <testcase classname="jupiter.Testing" name="removefirstandthirditem">
    <skipped/>
  </testcase> <!-- removefirstandthirditem -->
  <system-out/>
  <testcase classname="jupiter.Testing" name="AddSecoundRwo">
    <skipped/>
  </testcase> <!-- AddSecoundRwo -->
  <system-out/>
  <testcase classname="jupiter.Testing" name="AddHighrAMOUNT">
    <skipped/>
  </testcase> <!-- AddHighrAMOUNT -->
  <system-out/>
</testsuite> <!-- jupiter.Testing -->
